[0714/220406.946:ERROR:process_memory_win.cc(73)] ReadMemory at 0x20bdedd3720 of 72 bytes failed: Only part of a ReadProcessMemory or WriteProcessMemory request was completed. (0x12B)
[0714/220407.377:WARNING:pe_image_annotations_reader.cc(134)] could not read annotations list object in C:\Program Files (x86)\Google\Chrome\Application\83.0.4103.116\chrome_elf.dll
[0714/220407.378:ERROR:process_memory_win.cc(73)] ReadMemory at 0x20bdf347dc0 of 72 bytes failed: Only part of a ReadProcessMemory or WriteProcessMemory request was completed. (0x12B)
[0714/220407.378:WARNING:pe_image_annotations_reader.cc(134)] could not read annotations list object in C:\Program Files (x86)\Google\Chrome\Application\83.0.4103.116\chrome.dll
[0714/220407.561:ERROR:process_memory_win.cc(73)] ReadMemory at 0x20bdedd3720 of 72 bytes failed: Only part of a ReadProcessMemory or WriteProcessMemory request was completed. (0x12B)
[0714/220407.563:WARNING:pe_image_annotations_reader.cc(134)] could not read annotations list object in C:\Program Files (x86)\Google\Chrome\Application\83.0.4103.116\chrome_elf.dll
[0714/220407.563:ERROR:process_memory_win.cc(73)] ReadMemory at 0x20bdf347dc0 of 72 bytes failed: Only part of a ReadProcessMemory or WriteProcessMemory request was completed. (0x12B)
[0714/220407.563:WARNING:pe_image_annotations_reader.cc(134)] could not read annotations list object in C:\Program Files (x86)\Google\Chrome\Application\83.0.4103.116\chrome.dll
[0714/220407.565:ERROR:process_memory_win.cc(73)] ReadMemory at 0x20bdedd3720 of 72 bytes failed: Only part of a ReadProcessMemory or WriteProcessMemory request was completed. (0x12B)
[0714/220407.565:WARNING:pe_image_annotations_reader.cc(134)] could not read annotations list object in C:\Program Files (x86)\Google\Chrome\Application\83.0.4103.116\chrome_elf.dll
[0714/220407.565:ERROR:process_memory_win.cc(73)] ReadMemory at 0x20bdf347dc0 of 72 bytes failed: Only part of a ReadProcessMemory or WriteProcessMemory request was completed. (0x12B)
[0714/220407.565:WARNING:pe_image_annotations_reader.cc(134)] could not read annotations list object in C:\Program Files (x86)\Google\Chrome\Application\83.0.4103.116\chrome.dll
[0714/220408.020:ERROR:process_memory_win.cc(73)] ReadMemory at 0x4eceff0000 of 65536 bytes failed: Only part of a ReadProcessMemory or WriteProcessMemory request was completed. (0x12B)
[0714/220408.074:ERROR:process_memory_win.cc(73)] ReadMemory at 0x4ecf7fd000 of 12288 bytes failed: Only part of a ReadProcessMemory or WriteProcessMemory request was completed. (0x12B)
[0714/220408.074:ERROR:process_memory_win.cc(73)] ReadMemory at 0x4ed07fc000 of 16384 bytes failed: Only part of a ReadProcessMemory or WriteProcessMemory request was completed. (0x12B)
[0714/220408.074:ERROR:process_memory_win.cc(73)] ReadMemory at 0x4ed0ffc000 of 16384 bytes failed: Only part of a ReadProcessMemory or WriteProcessMemory request was completed. (0x12B)
[0714/220408.074:ERROR:process_memory_win.cc(73)] ReadMemory at 0x4ed17fe000 of 8192 bytes failed: Only part of a ReadProcessMemory or WriteProcessMemory request was completed. (0x12B)
[0714/220408.074:ERROR:process_memory_win.cc(73)] ReadMemory at 0x4ed1ffc000 of 16384 bytes failed: Only part of a ReadProcessMemory or WriteProcessMemory request was completed. (0x12B)
[0714/220408.074:ERROR:process_memory_win.cc(73)] ReadMemory at 0x4ed27fb000 of 20480 bytes failed: Only part of a ReadProcessMemory or WriteProcessMemory request was completed. (0x12B)
[0714/220408.074:ERROR:process_memory_win.cc(73)] ReadMemory at 0x4ed37fd000 of 12288 bytes failed: Only part of a ReadProcessMemory or WriteProcessMemory request was completed. (0x12B)
[0714/220408.075:ERROR:process_memory_win.cc(73)] ReadMemory at 0x4ed3ffa000 of 24576 bytes failed: Only part of a ReadProcessMemory or WriteProcessMemory request was completed. (0x12B)
[0714/220408.075:ERROR:process_memory_win.cc(73)] ReadMemory at 0x4ed47fa000 of 24576 bytes failed: Only part of a ReadProcessMemory or WriteProcessMemory request was completed. (0x12B)
[0714/220408.075:ERROR:process_memory_win.cc(73)] ReadMemory at 0x4ed4ffa000 of 24576 bytes failed: Only part of a ReadProcessMemory or WriteProcessMemory request was completed. (0x12B)
[0714/220408.075:ERROR:process_memory_win.cc(73)] ReadMemory at 0x4ed67fd000 of 12288 bytes failed: Only part of a ReadProcessMemory or WriteProcessMemory request was completed. (0x12B)
[0714/220408.075:ERROR:process_memory_win.cc(73)] ReadMemory at 0x4ee8ffc000 of 16384 bytes failed: Only part of a ReadProcessMemory or WriteProcessMemory request was completed. (0x12B)
[0714/220408.075:ERROR:process_memory_win.cc(73)] ReadMemory at 0x4eea7fd000 of 12288 bytes failed: Only part of a ReadProcessMemory or WriteProcessMemory request was completed. (0x12B)
[0714/220408.075:ERROR:process_memory_win.cc(73)] ReadMemory at 0x4eeaffd000 of 12288 bytes failed: Only part of a ReadProcessMemory or WriteProcessMemory request was completed. (0x12B)
[0714/220408.075:ERROR:process_memory_win.cc(73)] ReadMemory at 0x4eeb7ff000 of 4096 bytes failed: Only part of a ReadProcessMemory or WriteProcessMemory request was completed. (0x12B)
[0714/220408.075:ERROR:process_memory_win.cc(73)] ReadMemory at 0x4ece69e000 of 852 bytes failed: Only part of a ReadProcessMemory or WriteProcessMemory request was completed. (0x12B)
[0714/220408.076:ERROR:process_memory_win.cc(73)] ReadMemory at 0x4ece69f000 of 6024 bytes failed: Only part of a ReadProcessMemory or WriteProcessMemory request was completed. (0x12B)
[0714/220408.076:ERROR:process_memory_win.cc(73)] ReadMemory at 0x4ece6a1000 of 6024 bytes failed: Only part of a ReadProcessMemory or WriteProcessMemory request was completed. (0x12B)
[0714/220408.076:ERROR:process_memory_win.cc(73)] ReadMemory at 0x4ece6a5000 of 6024 bytes failed: Only part of a ReadProcessMemory or WriteProcessMemory request was completed. (0x12B)
[0714/220408.076:ERROR:process_memory_win.cc(73)] ReadMemory at 0x4ece6a7000 of 6024 bytes failed: Only part of a ReadProcessMemory or WriteProcessMemory request was completed. (0x12B)
[0714/220408.076:ERROR:process_memory_win.cc(73)] ReadMemory at 0x4ece6a9000 of 6024 bytes failed: Only part of a ReadProcessMemory or WriteProcessMemory request was completed. (0x12B)
[0714/220408.076:ERROR:process_memory_win.cc(73)] ReadMemory at 0x4ece6ab000 of 6024 bytes failed: Only part of a ReadProcessMemory or WriteProcessMemory request was completed. (0x12B)
[0714/220408.076:ERROR:process_memory_win.cc(73)] ReadMemory at 0x4ece6ad000 of 6024 bytes failed: Only part of a ReadProcessMemory or WriteProcessMemory request was completed. (0x12B)
[0714/220408.076:ERROR:process_memory_win.cc(73)] ReadMemory at 0x4ece6b1000 of 6024 bytes failed: Only part of a ReadProcessMemory or WriteProcessMemory request was completed. (0x12B)
[0714/220408.076:ERROR:process_memory_win.cc(73)] ReadMemory at 0x4ece6b3000 of 6024 bytes failed: Only part of a ReadProcessMemory or WriteProcessMemory request was completed. (0x12B)
[0714/220408.077:ERROR:process_memory_win.cc(73)] ReadMemory at 0x4ece6b5000 of 6024 bytes failed: Only part of a ReadProcessMemory or WriteProcessMemory request was completed. (0x12B)
[0714/220408.077:ERROR:process_memory_win.cc(73)] ReadMemory at 0x4ece6b7000 of 6024 bytes failed: Only part of a ReadProcessMemory or WriteProcessMemory request was completed. (0x12B)
[0714/220408.077:ERROR:process_memory_win.cc(73)] ReadMemory at 0x4ece6bd000 of 6024 bytes failed: Only part of a ReadProcessMemory or WriteProcessMemory request was completed. (0x12B)
[0714/220408.077:ERROR:process_memory_win.cc(73)] ReadMemory at 0x4ece707000 of 6024 bytes failed: Only part of a ReadProcessMemory or WriteProcessMemory request was completed. (0x12B)
[0714/220408.077:ERROR:process_memory_win.cc(73)] ReadMemory at 0x4ece70d000 of 6024 bytes failed: Only part of a ReadProcessMemory or WriteProcessMemory request was completed. (0x12B)
[0714/220408.077:ERROR:process_memory_win.cc(73)] ReadMemory at 0x4ece70f000 of 6024 bytes failed: Only part of a ReadProcessMemory or WriteProcessMemory request was completed. (0x12B)
[0714/220408.077:ERROR:process_memory_win.cc(73)] ReadMemory at 0x4ece711000 of 6024 bytes failed: Only part of a ReadProcessMemory or WriteProcessMemory request was completed. (0x12B)
[0714/220408.077:ERROR:process_memory_win.cc(73)] ReadMemory at 0x20bdead0730 of 146 bytes failed: Only part of a ReadProcessMemory or WriteProcessMemory request was completed. (0x12B)
[0714/220408.077:ERROR:process_memory_win.cc(73)] ReadMemory at 0x20bdead0fc0 of 14586 bytes failed: Only part of a ReadProcessMemory or WriteProcessMemory request was completed. (0x12B)
[0714/220408.078:ERROR:process_memory_win.cc(73)] ReadMemory at 0x20bdead48d0 of 1012 bytes failed: Only part of a ReadProcessMemory or WriteProcessMemory request was completed. (0x12B)
[0714/220408.078:ERROR:process_memory_win.cc(73)] ReadMemory at 0x20bdead4ee8 of 118 bytes failed: Only part of a ReadProcessMemory or WriteProcessMemory request was completed. (0x12B)
[0714/220408.078:ERROR:process_memory_win.cc(73)] ReadMemory at 0x20bdead4f60 of 822 bytes failed: Only part of a ReadProcessMemory or WriteProcessMemory request was completed. (0x12B)
[0714/220408.078:ERROR:process_memory_win.cc(73)] ReadMemory at 0x20bdead5298 of 118 bytes failed: Only part of a ReadProcessMemory or WriteProcessMemory request was completed. (0x12B)
[0714/220408.078:ERROR:process_memory_win.cc(73)] ReadMemory at 0x20bdead5310 of 96 bytes failed: Only part of a ReadProcessMemory or WriteProcessMemory request was completed. (0x12B)
[0714/220408.078:ERROR:process_memory_win.cc(73)] ReadMemory at 0x20bdead5380 of 58 bytes failed: Only part of a ReadProcessMemory or WriteProcessMemory request was completed. (0x12B)
[0714/220408.078:ERROR:process_memory_win.cc(73)] ReadMemory at 0x20bdead5480 of 132 bytes failed: Only part of a ReadProcessMemory or WriteProcessMemory request was completed. (0x12B)
[0714/220408.078:ERROR:process_memory_win.cc(73)] ReadMemory at 0x20bdead5610 of 132 bytes failed: Only part of a ReadProcessMemory or WriteProcessMemory request was completed. (0x12B)
[0714/220408.078:ERROR:process_memory_win.cc(73)] ReadMemory at 0x20bdead57d0 of 126 bytes failed: Only part of a ReadProcessMemory or WriteProcessMemory request was completed. (0x12B)
[0714/220408.078:ERROR:process_memory_win.cc(73)] ReadMemory at 0x20bdead5bb0 of 132 bytes failed: Only part of a ReadProcessMemory or WriteProcessMemory request was completed. (0x12B)
[0714/220408.078:ERROR:process_memory_win.cc(73)] ReadMemory at 0x20bdead5d40 of 64 bytes failed: Only part of a ReadProcessMemory or WriteProcessMemory request was completed. (0x12B)
[0714/220408.078:ERROR:process_memory_win.cc(73)] ReadMemory at 0x20bdead5f00 of 132 bytes failed: Only part of a ReadProcessMemory or WriteProcessMemory request was completed. (0x12B)
[0714/220408.107:ERROR:process_memory_win.cc(73)] ReadMemory at 0x20bdead6180 of 132 bytes failed: Only part of a ReadProcessMemory or WriteProcessMemory request was completed. (0x12B)
[0714/220408.107:ERROR:process_memory_win.cc(73)] ReadMemory at 0x20bdead6310 of 68 bytes failed: Only part of a ReadProcessMemory or WriteProcessMemory request was completed. (0x12B)
[0714/220408.127:ERROR:process_memory_win.cc(73)] ReadMemory at 0x20bdead71d0 of 132 bytes failed: Only part of a ReadProcessMemory or WriteProcessMemory request was completed. (0x12B)
[0714/220408.127:ERROR:process_memory_win.cc(73)] ReadMemory at 0x20bdead7360 of 154 bytes failed: Only part of a ReadProcessMemory or WriteProcessMemory request was completed. (0x12B)
[0714/220408.127:ERROR:process_memory_win.cc(73)] ReadMemory at 0x20bdead7f50 of 132 bytes failed: Only part of a ReadProcessMemory or WriteProcessMemory request was completed. (0x12B)
[0714/220408.127:ERROR:process_memory_win.cc(73)] ReadMemory at 0x20bdead8190 of 62 bytes failed: Only part of a ReadProcessMemory or WriteProcessMemory request was completed. (0x12B)
[0714/220408.127:ERROR:process_memory_win.cc(73)] ReadMemory at 0x20bdead82f0 of 132 bytes failed: Only part of a ReadProcessMemory or WriteProcessMemory request was completed. (0x12B)
[0714/220408.128:ERROR:process_memory_win.cc(73)] ReadMemory at 0x20bdead89a0 of 60 bytes failed: Only part of a ReadProcessMemory or WriteProcessMemory request was completed. (0x12B)
[0714/220408.128:ERROR:process_memory_win.cc(73)] ReadMemory at 0x20bdeada510 of 132 bytes failed: Only part of a ReadProcessMemory or WriteProcessMemory request was completed. (0x12B)
[0714/220408.128:ERROR:process_memory_win.cc(73)] ReadMemory at 0x20bdeada780 of 132 bytes failed: Only part of a ReadProcessMemory or WriteProcessMemory request was completed. (0x12B)
[0714/220408.128:ERROR:process_memory_win.cc(73)] ReadMemory at 0x20bdeada8b0 of 132 bytes failed: Only part of a ReadProcessMemory or WriteProcessMemory request was completed. (0x12B)
[0714/220408.128:ERROR:process_memory_win.cc(73)] ReadMemory at 0x20bdeadb140 of 132 bytes failed: Only part of a ReadProcessMemory or WriteProcessMemory request was completed. (0x12B)
[0714/220408.128:ERROR:process_memory_win.cc(73)] ReadMemory at 0x20bdeadb2d0 of 80 bytes failed: Only part of a ReadProcessMemory or WriteProcessMemory request was completed. (0x12B)
[0714/220408.128:ERROR:process_memory_win.cc(73)] ReadMemory at 0x20bdeaddfc0 of 80 bytes failed: Only part of a ReadProcessMemory or WriteProcessMemory request was completed. (0x12B)
[0714/220408.128:ERROR:process_memory_win.cc(73)] ReadMemory at 0x20bdeade9e0 of 64 bytes failed: Only part of a ReadProcessMemory or WriteProcessMemory request was completed. (0x12B)
[0714/220408.128:ERROR:process_memory_win.cc(73)] ReadMemory at 0x20bdeaded00 of 66 bytes failed: Only part of a ReadProcessMemory or WriteProcessMemory request was completed. (0x12B)
[0714/220408.128:ERROR:process_memory_win.cc(73)] ReadMemory at 0x20bdeadf110 of 60 bytes failed: Only part of a ReadProcessMemory or WriteProcessMemory request was completed. (0x12B)
[0714/220408.128:ERROR:process_memory_win.cc(73)] ReadMemory at 0x20bdeadf660 of 62 bytes failed: Only part of a ReadProcessMemory or WriteProcessMemory request was completed. (0x12B)
[0714/220408.129:ERROR:process_memory_win.cc(73)] ReadMemory at 0x20bdeae0430 of 132 bytes failed: Only part of a ReadProcessMemory or WriteProcessMemory request was completed. (0x12B)
[0714/220408.129:ERROR:process_memory_win.cc(73)] ReadMemory at 0x20bdeae18f0 of 54 bytes failed: Only part of a ReadProcessMemory or WriteProcessMemory request was completed. (0x12B)
[0714/220408.129:ERROR:process_memory_win.cc(73)] ReadMemory at 0x20bdeae31a0 of 132 bytes failed: Only part of a ReadProcessMemory or WriteProcessMemory request was completed. (0x12B)
[0714/220408.129:ERROR:process_memory_win.cc(73)] ReadMemory at 0x20bdeae34f0 of 132 bytes failed: Only part of a ReadProcessMemory or WriteProcessMemory request was completed. (0x12B)
[0714/220408.129:ERROR:process_memory_win.cc(73)] ReadMemory at 0x20bdeae50d0 of 62 bytes failed: Only part of a ReadProcessMemory or WriteProcessMemory request was completed. (0x12B)
[0714/220408.129:ERROR:process_memory_win.cc(73)] ReadMemory at 0x20bdeae5170 of 60 bytes failed: Only part of a ReadProcessMemory or WriteProcessMemory request was completed. (0x12B)
[0714/220408.129:ERROR:process_memory_win.cc(73)] ReadMemory at 0x20bdeae5210 of 64 bytes failed: Only part of a ReadProcessMemory or WriteProcessMemory request was completed. (0x12B)
[0714/220408.129:ERROR:process_memory_win.cc(73)] ReadMemory at 0x20bdeae52b0 of 62 bytes failed: Only part of a ReadProcessMemory or WriteProcessMemory request was completed. (0x12B)
[0714/220408.129:ERROR:process_memory_win.cc(73)] ReadMemory at 0x20bdeae5300 of 60 bytes failed: Only part of a ReadProcessMemory or WriteProcessMemory request was completed. (0x12B)
[0714/220408.129:ERROR:process_memory_win.cc(73)] ReadMemory at 0x20bdeae5350 of 64 bytes failed: Only part of a ReadProcessMemory or WriteProcessMemory request was completed. (0x12B)
[0714/220408.130:ERROR:process_memory_win.cc(73)] ReadMemory at 0x20bdeae53a0 of 62 bytes failed: Only part of a ReadProcessMemory or WriteProcessMemory request was completed. (0x12B)
[0714/220408.130:ERROR:process_memory_win.cc(73)] ReadMemory at 0x20bdeae53f0 of 64 bytes failed: Only part of a ReadProcessMemory or WriteProcessMemory request was completed. (0x12B)
[0714/220408.186:ERROR:process_memory_win.cc(73)] ReadMemory at 0x20bdeae5440 of 60 bytes failed: Only part of a ReadProcessMemory or WriteProcessMemory request was completed. (0x12B)
[0714/220408.186:ERROR:process_memory_win.cc(73)] ReadMemory at 0x20bdeae5490 of 62 bytes failed: Only part of a ReadProcessMemory or WriteProcessMemory request was completed. (0x12B)
[0714/220408.186:ERROR:process_memory_win.cc(73)] ReadMemory at 0x20bdeae54e0 of 64 bytes failed: Only part of a ReadProcessMemory or WriteProcessMemory request was completed. (0x12B)
[0714/220408.186:ERROR:process_memory_win.cc(73)] ReadMemory at 0x20bdeae5530 of 64 bytes failed: Only part of a ReadProcessMemory or WriteProcessMemory request was completed. (0x12B)
[0714/220408.187:ERROR:process_memory_win.cc(73)] ReadMemory at 0x20bdeae5580 of 60 bytes failed: Only part of a ReadProcessMemory or WriteProcessMemory request was completed. (0x12B)
[0714/220408.187:ERROR:process_memory_win.cc(73)] ReadMemory at 0x20bdeae55d0 of 62 bytes failed: Only part of a ReadProcessMemory or WriteProcessMemory request was completed. (0x12B)
[0714/220408.187:ERROR:process_memory_win.cc(73)] ReadMemory at 0x20bdeae5620 of 58 bytes failed: Only part of a ReadProcessMemory or WriteProcessMemory request was completed. (0x12B)
[0714/220408.187:ERROR:process_memory_win.cc(73)] ReadMemory at 0x20bdeae5670 of 62 bytes failed: Only part of a ReadProcessMemory or WriteProcessMemory request was completed. (0x12B)
[0714/220408.187:ERROR:process_memory_win.cc(73)] ReadMemory at 0x20bdeae56c0 of 64 bytes failed: Only part of a ReadProcessMemory or WriteProcessMemory request was completed. (0x12B)
[0714/220408.187:ERROR:process_memory_win.cc(73)] ReadMemory at 0x20bdeae5710 of 66 bytes failed: Only part of a ReadProcessMemory or WriteProcessMemory request was completed. (0x12B)
[0714/220408.187:ERROR:process_memory_win.cc(73)] ReadMemory at 0x20bdeae5760 of 62 bytes failed: Only part of a ReadProcessMemory or WriteProcessMemory request was completed. (0x12B)
[0714/220408.188:ERROR:process_memory_win.cc(73)] ReadMemory at 0x20bdeae57b0 of 62 bytes failed: Only part of a ReadProcessMemory or WriteProcessMemory request was completed. (0x12B)
[0714/220408.188:ERROR:process_memory_win.cc(73)] ReadMemory at 0x20bdeae5800 of 64 bytes failed: Only part of a ReadProcessMemory or WriteProcessMemory request was completed. (0x12B)
[0714/220408.188:ERROR:process_memory_win.cc(73)] ReadMemory at 0x20bdeae5c90 of 132 bytes failed: Only part of a ReadProcessMemory or WriteProcessMemory request was completed. (0x12B)
[0714/220408.188:ERROR:process_memory_win.cc(73)] ReadMemory at 0x20bdeae5dc0 of 132 bytes failed: Only part of a ReadProcessMemory or WriteProcessMemory request was completed. (0x12B)
[0714/220408.188:ERROR:process_memory_win.cc(73)] ReadMemory at 0x20bdeae8a40 of 132 bytes failed: Only part of a ReadProcessMemory or WriteProcessMemory request was completed. (0x12B)
[0714/220408.189:ERROR:process_memory_win.cc(73)] ReadMemory at 0x20bdeae8b70 of 132 bytes failed: Only part of a ReadProcessMemory or WriteProcessMemory request was completed. (0x12B)
[0714/220408.189:ERROR:process_memory_win.cc(73)] ReadMemory at 0x20bdeae8ca0 of 132 bytes failed: Only part of a ReadProcessMemory or WriteProcessMemory request was completed. (0x12B)
[0714/220408.189:ERROR:process_memory_win.cc(73)] ReadMemory at 0x20bdeae8dd0 of 132 bytes failed: Only part of a ReadProcessMemory or WriteProcessMemory request was completed. (0x12B)
[0714/220408.189:ERROR:process_memory_win.cc(73)] ReadMemory at 0x20bdeae8f00 of 132 bytes failed: Only part of a ReadProcessMemory or WriteProcessMemory request was completed. (0x12B)
[0714/220408.189:ERROR:process_memory_win.cc(73)] ReadMemory at 0x20bdeae9030 of 132 bytes failed: Only part of a ReadProcessMemory or WriteProcessMemory request was completed. (0x12B)
[0714/220408.190:ERROR:process_memory_win.cc(73)] ReadMemory at 0x20bdeae9160 of 132 bytes failed: Only part of a ReadProcessMemory or WriteProcessMemory request was completed. (0x12B)
[0714/220408.190:ERROR:process_memory_win.cc(73)] ReadMemory at 0x20bdeae9290 of 132 bytes failed: Only part of a ReadProcessMemory or WriteProcessMemory request was completed. (0x12B)
[0714/220408.190:ERROR:process_memory_win.cc(73)] ReadMemory at 0x20bdeae94f0 of 132 bytes failed: Only part of a ReadProcessMemory or WriteProcessMemory request was completed. (0x12B)
[0714/220408.191:ERROR:process_memory_win.cc(73)] ReadMemory at 0x20bdeae9620 of 132 bytes failed: Only part of a ReadProcessMemory or WriteProcessMemory request was completed. (0x12B)
[0714/220408.249:ERROR:process_memory_win.cc(73)] ReadMemory at 0x20bdeae9750 of 132 bytes failed: Only part of a ReadProcessMemory or WriteProcessMemory request was completed. (0x12B)
[0714/220408.249:ERROR:process_memory_win.cc(73)] ReadMemory at 0x20bdeae9880 of 132 bytes failed: Only part of a ReadProcessMemory or WriteProcessMemory request was completed. (0x12B)
[0714/220408.249:ERROR:process_memory_win.cc(73)] ReadMemory at 0x20bdeaea430 of 132 bytes failed: Only part of a ReadProcessMemory or WriteProcessMemory request was completed. (0x12B)
[0714/220408.249:ERROR:process_memory_win.cc(73)] ReadMemory at 0x20bdeaea7c0 of 132 bytes failed: Only part of a ReadProcessMemory or WriteProcessMemory request was completed. (0x12B)
[0714/220408.250:ERROR:process_memory_win.cc(73)] ReadMemory at 0x20bdeaea8f0 of 132 bytes failed: Only part of a ReadProcessMemory or WriteProcessMemory request was completed. (0x12B)
[0714/220408.250:ERROR:process_memory_win.cc(73)] ReadMemory at 0x20bdeaeaa20 of 132 bytes failed: Only part of a ReadProcessMemory or WriteProcessMemory request was completed. (0x12B)
[0714/220408.250:ERROR:process_memory_win.cc(73)] ReadMemory at 0x20bdeaeb140 of 132 bytes failed: Only part of a ReadProcessMemory or WriteProcessMemory request was completed. (0x12B)
[0714/220408.250:ERROR:process_memory_win.cc(73)] ReadMemory at 0x20bdeaeb270 of 132 bytes failed: Only part of a ReadProcessMemory or WriteProcessMemory request was completed. (0x12B)
[0714/220408.250:ERROR:process_memory_win.cc(73)] ReadMemory at 0x20bdeaeb860 of 132 bytes failed: Only part of a ReadProcessMemory or WriteProcessMemory request was completed. (0x12B)
[0714/220408.290:ERROR:process_memory_win.cc(73)] ReadMemory at 0x20bdeafd1b0 of 512 bytes failed: Only part of a ReadProcessMemory or WriteProcessMemory request was completed. (0x12B)
[0714/220408.290:ERROR:process_memory_win.cc(73)] ReadMemory at 0x20bdeafdf50 of 512 bytes failed: Only part of a ReadProcessMemory or WriteProcessMemory request was completed. (0x12B)
[0714/220408.290:ERROR:process_memory_win.cc(73)] ReadMemory at 0x20bdeafef50 of 512 bytes failed: Only part of a ReadProcessMemory or WriteProcessMemory request was completed. (0x12B)
[0714/220408.290:ERROR:process_memory_win.cc(73)] ReadMemory at 0x20bded40dc0 of 704 bytes failed: Only part of a ReadProcessMemory or WriteProcessMemory request was completed. (0x12B)
[0714/220408.290:ERROR:process_memory_win.cc(73)] ReadMemory at 0x20bded413c0 of 512 bytes failed: Only part of a ReadProcessMemory or WriteProcessMemory request was completed. (0x12B)
[0714/220408.290:ERROR:process_memory_win.cc(73)] ReadMemory at 0x20bdee73f10 of 512 bytes failed: Only part of a ReadProcessMemory or WriteProcessMemory request was completed. (0x12B)
[0714/220408.347:ERROR:process_memory_win.cc(73)] ReadMemory at 0x20bdf383c80 of 512 bytes failed: Only part of a ReadProcessMemory or WriteProcessMemory request was completed. (0x12B)
[0714/220408.347:ERROR:process_memory_win.cc(73)] ReadMemory at 0x20bdf384568 of 512 bytes failed: Only part of a ReadProcessMemory or WriteProcessMemory request was completed. (0x12B)
[0714/220408.347:ERROR:process_memory_win.cc(73)] ReadMemory at 0x20bdf385b50 of 512 bytes failed: Only part of a ReadProcessMemory or WriteProcessMemory request was completed. (0x12B)
[0714/220408.348:ERROR:process_memory_win.cc(73)] ReadMemory at 0x20bdf3b0ad0 of 712 bytes failed: Only part of a ReadProcessMemory or WriteProcessMemory request was completed. (0x12B)
[0714/220408.348:ERROR:process_memory_win.cc(73)] ReadMemory at 0x20be09afac0 of 512 bytes failed: Only part of a ReadProcessMemory or WriteProcessMemory request was completed. (0x12B)
[0714/220408.348:ERROR:process_memory_win.cc(73)] ReadMemory at 0x20be09d5e88 of 512 bytes failed: Only part of a ReadProcessMemory or WriteProcessMemory request was completed. (0x12B)
[0714/220408.348:ERROR:process_memory_win.cc(73)] ReadMemory at 0x20be0a5cdc0 of 512 bytes failed: Only part of a ReadProcessMemory or WriteProcessMemory request was completed. (0x12B)
[0714/220408.348:ERROR:process_memory_win.cc(73)] ReadMemory at 0x20be0a5dce0 of 512 bytes failed: Only part of a ReadProcessMemory or WriteProcessMemory request was completed. (0x12B)
[0714/220408.348:ERROR:process_memory_win.cc(73)] ReadMemory at 0x20be0dc2fb0 of 512 bytes failed: Only part of a ReadProcessMemory or WriteProcessMemory request was completed. (0x12B)
[0714/220408.348:ERROR:process_memory_win.cc(73)] ReadMemory at 0x20be1cab508 of 512 bytes failed: Only part of a ReadProcessMemory or WriteProcessMemory request was completed. (0x12B)
[0714/220408.348:ERROR:process_memory_win.cc(73)] ReadMemory at 0x20be497e700 of 512 bytes failed: Only part of a ReadProcessMemory or WriteProcessMemory request was completed. (0x12B)
[0714/220408.349:ERROR:process_memory_win.cc(73)] ReadMemory at 0x20be5c10000 of 400 bytes failed: Only part of a ReadProcessMemory or WriteProcessMemory request was completed. (0x12B)
[0714/220408.349:ERROR:process_memory_win.cc(73)] ReadMemory at 0x2de556ba3990 of 512 bytes failed: Only part of a ReadProcessMemory or WriteProcessMemory request was completed. (0x12B)
[0714/220408.545:ERROR:scoped_process_suspend.cc(40)] NtResumeProcess: An attempt was made to access an exiting process. (0xc000010a)
[0910/101948.761:ERROR:settings.cc(320)] Settings magic is not 1129342067
[0911/215421.241:ERROR:settings.cc(320)] Settings magic is not 1129342067
